app/build/intermediates/manifest_merge_blame_file/debug/manifest-merger-blame-debug-report.txt
1<?xml version="1.0" encoding="utf-8"?>
2<manifest xmlns:android="http://schemas.android.com/apk/res/android"
3    package="com.example.notecook"
4    android:versionCode="1"
5    android:versionName="1.0" >
6
7    <uses-sdk
8        android:minSdkVersion="29"
8-->src/main/AndroidManifest.xml
9        android:targetSdkVersion="30" />
9-->src/main/AndroidManifest.xml
10
11    <uses-permission android:name="android.permission.INTERNET" />
11-->src/main/AndroidManifest.xml:5:5-67
11-->src/main/AndroidManifest.xml:5:22-64
12    <uses-permission android:name="android.permission.ACCESS_NETWORK_STATE" />
12-->src/main/AndroidManifest.xml:6:5-79
12-->src/main/AndroidManifest.xml:6:22-76
13
14    <application
14-->src/main/AndroidManifest.xml:8:5-33:19
15        android:allowBackup="true"
15-->src/main/AndroidManifest.xml:9:9-35
16        android:appComponentFactory="androidx.core.app.CoreComponentFactory"
16-->[androidx.core:core:1.3.1] AndroidManifest.xml:24:18-86
17        android:debuggable="true"
18        android:extractNativeLibs="false"
19        android:icon="@mipmap/ic_launcher"
19-->src/main/AndroidManifest.xml:10:9-43
20        android:label="@string/app_name"
20-->src/main/AndroidManifest.xml:11:9-41
21        android:roundIcon="@mipmap/ic_launcher_round"
21-->src/main/AndroidManifest.xml:12:9-54
22        android:supportsRtl="true"
22-->src/main/AndroidManifest.xml:13:9-35
23        android:testOnly="true"
24        android:theme="@style/Theme.Notecook" >
24-->src/main/AndroidManifest.xml:14:9-46
25        <provider
25-->src/main/AndroidManifest.xml:16:9-24:20
26            android:name="androidx.core.content.FileProvider"
26-->src/main/AndroidManifest.xml:17:13-62
27            android:authorities="com.codepath.fileprovider.notecook"
27-->src/main/AndroidManifest.xml:18:13-69
28            android:exported="false"
28-->src/main/AndroidManifest.xml:19:13-37
29            android:grantUriPermissions="true" >
29-->src/main/AndroidManifest.xml:20:13-47
30            <meta-data
30-->src/main/AndroidManifest.xml:21:13-23:56
31                android:name="android.support.FILE_PROVIDER_PATHS"
31-->src/main/AndroidManifest.xml:22:17-67
32                android:resource="@xml/fileprovider" />
32-->src/main/AndroidManifest.xml:23:17-53
33        </provider>
34
35        <activity android:name="com.example.notecook.MainActivity" >
35-->src/main/AndroidManifest.xml:26:9-32:20
35-->src/main/AndroidManifest.xml:26:19-47
36            <intent-filter>
36-->src/main/AndroidManifest.xml:27:13-31:29
37                <action android:name="android.intent.action.MAIN" />
37-->src/main/AndroidManifest.xml:28:17-69
37-->src/main/AndroidManifest.xml:28:25-66
38
39                <category android:name="android.intent.category.LAUNCHER" />
39-->src/main/AndroidManifest.xml:30:17-77
39-->src/main/AndroidManifest.xml:30:27-74
40            </intent-filter>
41        </activity>
42        <activity
42-->[com.google.android.gms:play-services-base:10.0.0] AndroidManifest.xml:19:9-172
43            android:name="com.google.android.gms.common.api.GoogleApiActivity"
43-->[com.google.android.gms:play-services-base:10.0.0] AndroidManifest.xml:19:19-85
44            android:exported="false"
44-->[com.google.android.gms:play-services-base:10.0.0] AndroidManifest.xml:19:146-170
45            android:theme="@android:style/Theme.Translucent.NoTitleBar" />
45-->[com.google.android.gms:play-services-base:10.0.0] AndroidManifest.xml:19:86-145
46
47        <meta-data
47-->[com.google.android.gms:play-services-basement:10.0.0] AndroidManifest.xml:20:9-121
48            android:name="com.google.android.gms.version"
48-->[com.google.android.gms:play-services-basement:10.0.0] AndroidManifest.xml:20:20-65
49            android:value="@integer/google_play_services_version" />
49-->[com.google.android.gms:play-services-basement:10.0.0] AndroidManifest.xml:20:66-119
50    </application>
51
52</manifest>